<?xml version="1.0" encoding="UTF-8"?>
<!-- Generated by org.testng.reporters.JUnitReportReporter -->
<testsuite skipped="0" hostname="EPINHYDW00C6" name="com.epam.restapi.VerifyHttpStatusCode" tests="5" failures="0" timestamp="2020-04-10T00:30:44 IST" time="1.612" errors="0">
  <testcase name="verifyStatusCodeWithDetails" time="0.108" classname="com.epam.restapi.VerifyHttpStatusCode"/>
  <system-out/>
  <testcase name="verifyStatusCodeUsingRequestAndResponseSpecification" time="0.107" classname="com.epam.restapi.VerifyHttpStatusCode"/>
  <system-out/>
  <testcase name="verifyStatusCodeUsingResponseAndHamcrestValidation" time="0.060" classname="com.epam.restapi.VerifyHttpStatusCode"/>
  <system-out/>
  <testcase name="verifyStatusCode" time="1.196" classname="com.epam.restapi.VerifyHttpStatusCode"/>
  <system-out/>
  <testcase name="verifyStatusCodeUsingBddApproach" time="0.141" classname="com.epam.restapi.VerifyHttpStatusCode"/>
  <system-out/>
</testsuite> <!-- com.epam.restapi.VerifyHttpStatusCode -->
