<?xml version="1.0" encoding="UTF-8"?>
<!-- Generated by org.testng.reporters.JUnitReportReporter -->
<testsuite skipped="0" hostname="EPINHYDW00C6" name="com.epam.restapi.VerifyResponseBodyTest" tests="8" failures="0" timestamp="2020-04-10T00:15:00 IST" time="3.416" errors="0">
  <testcase name="printAllTheUsers" time="0.426" classname="com.epam.restapi.VerifyResponseBodyTest"/>
  <system-out/>
  <testcase name="verifySizeOfTheResponseUsingJsonPath" time="0.142" classname="com.epam.restapi.VerifyResponseBodyTest"/>
  <system-out/>
  <testcase name="verifySizeOfTheResponseUsingPOJO" time="0.094" classname="com.epam.restapi.VerifyResponseBodyTest"/>
  <system-out/>
  <testcase name="verifySizeOfTheResponseUsingSizeMethod" time="0.720" classname="com.epam.restapi.VerifyResponseBodyTest"/>
  <system-out/>
  <testcase name="verifyStatusCode" time="1.588" classname="com.epam.restapi.VerifyResponseBodyTest"/>
  <system-out/>
  <testcase name="verifySizeOfTheResponseUsingResponseAsStringAndJsonPath" time="0.086" classname="com.epam.restapi.VerifyResponseBodyTest"/>
  <system-out/>
  <testcase name="verifySizeOfTheResponseUsingJSonPath" time="0.203" classname="com.epam.restapi.VerifyResponseBodyTest"/>
  <system-out/>
  <testcase name="verifySizeOfTheResponseUsingPOJOAndJsonPath" time="0.157" classname="com.epam.restapi.VerifyResponseBodyTest"/>
  <system-out/>
</testsuite> <!-- com.epam.restapi.VerifyResponseBodyTest -->
