<?xml version="1.0" encoding="UTF-8"?>
<!-- Generated by org.testng.reporters.JUnitReportReporter -->
<testsuite skipped="0" hostname="EPINHYDW00C6" name="com.epam.restapi.VerifyResponseHeaderTest" tests="5" failures="0" timestamp="2020-04-10T00:30:55 IST" time="2.456" errors="0">
  <testcase name="verifyContentTypeUsingBddApproachAndTestNGAssertion" time="0.094" classname="com.epam.restapi.VerifyResponseHeaderTest"/>
  <system-out/>
  <testcase name="verifyContentTypeUsingBddApproach" time="0.407" classname="com.epam.restapi.VerifyResponseHeaderTest"/>
  <system-out/>
  <testcase name="verifyStatusCode" time="1.431" classname="com.epam.restapi.VerifyResponseHeaderTest"/>
  <system-out/>
  <testcase name="verifyContentTypeUsingHamcrestValidation" time="0.290" classname="com.epam.restapi.VerifyResponseHeaderTest"/>
  <system-out/>
  <testcase name="verifyContentTypeUsingRequestAndResponseSpecification" time="0.234" classname="com.epam.restapi.VerifyResponseHeaderTest"/>
  <system-out/>
</testsuite> <!-- com.epam.restapi.VerifyResponseHeaderTest -->
