<?xml version="1.0" encoding="UTF-8"?>
<!-- Generated by org.testng.reporters.JUnitReportReporter -->
<testsuite hostname="EPINHYDW081E" failures="0" tests="3" name="com.automation.restapi.tests.apple.VerifyAppleResponseBodyTest" time="2.459" errors="0" timestamp="2023-08-10T21:30:58 IST" skipped="0">
  <testcase classname="com.automation.restapi.tests.apple.VerifyAppleResponseBodyTest" name="verifyResponseBody" time="1.153"/>
  <system-out/>
  <testcase classname="com.automation.restapi.tests.apple.VerifyAppleResponseBodyTest" name="verifyResponseTitle" time="0.707"/>
  <system-out/>
  <testcase classname="com.automation.restapi.tests.apple.VerifyAppleResponseBodyTest" name="verifyStatusCode" time="0.599"/>
  <system-out/>
</testsuite> <!-- com.automation.restapi.tests.apple.VerifyAppleResponseBodyTest -->
