<?xml version="1.0" encoding="UTF-8"?>
<!-- Generated by org.testng.reporters.JUnitReportReporter -->
<testsuite hostname="EPINHYDW081E" failures="0" tests="1" name="com.automation.restapi.tests.apple.VerifyAppleHttpStatusCode" time="1.732" errors="0" timestamp="2023-08-10T21:30:58 IST" skipped="0">
  <testcase classname="com.automation.restapi.tests.apple.VerifyAppleHttpStatusCode" name="verifyStatusCode" time="1.732"/>
  <system-out/>
</testsuite> <!-- com.automation.restapi.tests.apple.VerifyAppleHttpStatusCode -->
